<?xml version="1.0" encoding="UTF-8"?>
<testng-results ignored="0" total="1" passed="1" failed="0" skipped="0">
  <reporter-output>
    <line>
      <![CDATA[Execution begins]]>
    </line>
    <line>
      <![CDATA[testing]]>
    </line>
    <line>
      <![CDATA[execution ends]]>
    </line>
  </reporter-output>
  <suite started-at="2021-03-05T17:06:43Z" name="Default suite" finished-at="2021-03-05T17:06:54Z" duration-ms="11323">
    <groups>
    </groups>
    <test started-at="2021-03-05T17:06:43Z" name="Default test" finished-at="2021-03-05T17:06:54Z" duration-ms="11323">
      <class name="com.xcov19.test.Testing">
        <test-method is-config="true" signature="executionStarts()[pri:0, instance:com.xcov19.test.Testing@186f8716]" started-at="2021-03-05T17:06:43Z" name="executionStarts" finished-at="2021-03-05T17:06:43Z" duration-ms="13" status="PASS">
          <reporter-output>
            <line>
              <![CDATA[Execution begins]]>
            </line>
          </reporter-output>
        </test-method> <!-- executionStarts -->
        <test-method is-config="true" signature="openBrowser()[pri:0, instance:com.xcov19.test.Testing@186f8716]" started-at="2021-03-05T17:06:43Z" name="openBrowser" finished-at="2021-03-05T17:06:54Z" duration-ms="11037" status="PASS">
          <reporter-output>
          </reporter-output>
        </test-method> <!-- openBrowser -->
        <test-method signature="test()[pri:0, instance:com.xcov19.test.Testing@186f8716]" started-at="2021-03-05T17:06:54Z" name="test" finished-at="2021-03-05T17:06:54Z" duration-ms="58" status="PASS">
          <reporter-output>
            <line>
              <![CDATA[testing]]>
            </line>
          </reporter-output>
        </test-method> <!-- test -->
        <test-method is-config="true" signature="closeBrowser()[pri:0, instance:com.xcov19.test.Testing@186f8716]" started-at="2021-03-05T17:06:54Z" name="closeBrowser" finished-at="2021-03-05T17:06:54Z" duration-ms="157" status="PASS">
          <reporter-output>
          </reporter-output>
        </test-method> <!-- closeBrowser -->
        <test-method is-config="true" signature="executionEnds()[pri:0, instance:com.xcov19.test.Testing@186f8716]" started-at="2021-03-05T17:06:54Z" name="executionEnds" finished-at="2021-03-05T17:06:54Z" duration-ms="1" status="PASS">
          <reporter-output>
            <line>
              <![CDATA[execution ends]]>
            </line>
          </reporter-output>
        </test-method> <!-- executionEnds -->
      </class> <!-- com.xcov19.test.Testing -->
    </test> <!-- Default test -->
  </suite> <!-- Default suite -->
</testng-results>
